<?xml version="1.0" encoding="UTF-8"?>
<robot generator="Robot 7.3.2 (Python 3.14.0 on win32)" generated="2025-12-02T11:36:05.365324" rpa="false" schemaversion="5">
<suite id="s1" name="Robot Learning" source="C:\Robot_Learning">
<suite id="s1-s1" name="Test" source="C:\Robot_Learning\test">
<suite id="s1-s1-s1" name="Login Tests" source="C:\Robot_Learning\test\login_tests.robot">
<test id="s1-s1-s1-t1" name="Login with incorrect Username or Password" line="22">
<kw name="Open Webpage" owner="common">
<kw name="Open Browser" owner="SeleniumLibrary">
<msg time="2025-12-02T11:36:05.574363" level="INFO">Opening browser 'chrome' to base url 'https://cssoften0368.cpkkuhost.com'.</msg>
<arg>${URL}</arg>
<arg>${BROWSER}</arg>
<doc>Opens a new browser instance to the optional ``url``.</doc>
<status status="PASS" start="2025-12-02T11:36:05.574045" elapsed="4.895206"/>
</kw>
<kw name="Maximize Browser Window" owner="SeleniumLibrary">
<doc>Maximizes current browser window.</doc>
<status status="PASS" start="2025-12-02T11:36:10.469521" elapsed="0.032745"/>
</kw>
<arg>${URL}</arg>
<arg>${BROWSER}</arg>
<status status="PASS" start="2025-12-02T11:36:05.573241" elapsed="4.929230"/>
</kw>
<kw name="Click Button" owner="common">
<kw name="Wait Until Element Is Enabled" owner="SeleniumLibrary">
<arg>${BUTTON}</arg>
<doc>Waits until the element ``locator`` is enabled.</doc>
<status status="PASS" start="2025-12-02T11:36:10.503435" elapsed="0.031421"/>
</kw>
<kw name="Click Element" owner="SeleniumLibrary">
<msg time="2025-12-02T11:36:10.535738" level="INFO">Clicking element 'xpath=//a[contains(text(), 'เข้าสู่ระบบ')]'.</msg>
<arg>${BUTTON}</arg>
<doc>Click the element identified by ``locator``.</doc>
<status status="PASS" start="2025-12-02T11:36:10.535242" elapsed="0.089630"/>
</kw>
<arg>${GOTO_LOGINPAGE_BUTTON}</arg>
<status status="PASS" start="2025-12-02T11:36:10.502847" elapsed="0.122238"/>
</kw>
<kw name="Switch Window" owner="SeleniumLibrary">
<arg>NEW</arg>
<doc>Switches to browser window matching ``locator``.</doc>
<status status="PASS" start="2025-12-02T11:36:10.625445" elapsed="0.017811"/>
</kw>
<kw name="Wait Until Element Is Visible" owner="SeleniumLibrary">
<arg>${LOGIN_PAGE_HEADER}</arg>
<arg>3s</arg>
<doc>Waits until the element ``locator`` is visible.</doc>
<status status="PASS" start="2025-12-02T11:36:10.643906" elapsed="0.940797"/>
</kw>
<kw name="User Login" owner="login_test">
<kw name="Input Text" owner="SeleniumLibrary">
<msg time="2025-12-02T11:36:11.585998" level="INFO">Typing text 'praisan@kku.ac.th' into text field 'xpath=//input[@id='username']'.</msg>
<arg>${USERNAME_FIELD}</arg>
<arg>${VALID_USER}</arg>
<doc>Types the given ``text`` into the text field identified by ``locator``.</doc>
<status status="PASS" start="2025-12-02T11:36:11.585710" elapsed="0.059654"/>
</kw>
<kw name="Input Password" owner="SeleniumLibrary">
<msg time="2025-12-02T11:36:11.646267" level="INFO">Typing password into text field 'xpath=//input[@id='password']'.</msg>
<msg time="2025-12-02T11:36:11.668845" level="INFO">Temporally setting log level to: NONE</msg>
<arg>${PASSWORD_FIELD}</arg>
<arg>${VALID_PASSWORD}</arg>
<doc>Types the given password into the text field identified by ``locator``.</doc>
<status status="PASS" start="2025-12-02T11:36:11.645684" elapsed="0.053386"/>
</kw>
<arg>${INVAILD_USERNAME}</arg>
<arg>${INVAILD_PASSWORD}</arg>
<status status="PASS" start="2025-12-02T11:36:11.585200" elapsed="0.114043"/>
</kw>
<kw name="Click Button" owner="common">
<kw name="Wait Until Element Is Enabled" owner="SeleniumLibrary">
<arg>${BUTTON}</arg>
<doc>Waits until the element ``locator`` is enabled.</doc>
<status status="PASS" start="2025-12-02T11:36:11.699973" elapsed="0.016510"/>
</kw>
<kw name="Click Element" owner="SeleniumLibrary">
<msg time="2025-12-02T11:36:11.717288" level="INFO">Clicking element 'xpath=//button[contains(text(), 'เข้าสู่ระบบบัญชี')]'.</msg>
<arg>${BUTTON}</arg>
<doc>Click the element identified by ``locator``.</doc>
<status status="PASS" start="2025-12-02T11:36:11.716816" elapsed="0.943271"/>
</kw>
<arg>${LOGIN}</arg>
<status status="PASS" start="2025-12-02T11:36:11.699592" elapsed="0.960660"/>
</kw>
<kw name="Wait Until Element Is Visible" owner="SeleniumLibrary">
<arg>${LOGIN_ALERT}</arg>
<arg>5s</arg>
<doc>Waits until the element ``locator`` is visible.</doc>
<status status="PASS" start="2025-12-02T11:36:12.660518" elapsed="0.026886"/>
</kw>
<kw name="Close Window" owner="common" type="TEARDOWN">
<kw name="Capture Page Screenshot" owner="SeleniumLibrary">
<msg time="2025-12-02T11:36:12.945474" level="INFO" html="true">&lt;/td&gt;&lt;/tr&gt;&lt;tr&gt;&lt;td colspan="3"&gt;&lt;a href="selenium-screenshot-75.png"&gt;&lt;img src="selenium-screenshot-75.png" width="800px"&gt;&lt;/a&gt;</msg>
<doc>Takes a screenshot of the current page and embeds it into a log file.</doc>
<status status="PASS" start="2025-12-02T11:36:12.688497" elapsed="0.257243"/>
</kw>
<kw name="Close Browser" owner="SeleniumLibrary">
<doc>Closes the current browser.</doc>
<status status="PASS" start="2025-12-02T11:36:12.945941" elapsed="2.110633"/>
</kw>
<status status="PASS" start="2025-12-02T11:36:12.687985" elapsed="2.368796"/>
</kw>
<doc>ทดสอบการล็อกอินหากผู้ใช้กรอกชื่อผู้ใช้หรือรหัสผ่านผิด</doc>
<tag>Login Negative</tag>
<status status="PASS" start="2025-12-02T11:36:05.569953" elapsed="9.487044"/>
</test>
<doc>ทดสอบการล็อกอิน</doc>
<status status="PASS" start="2025-12-02T11:36:05.402910" elapsed="9.657815"/>
</suite>
<status status="PASS" start="2025-12-02T11:36:05.399857" elapsed="9.664005"/>
</suite>
<status status="PASS" start="2025-12-02T11:36:05.369933" elapsed="9.696520"/>
</suite>
<statistics>
<total>
<stat pass="1" fail="0" skip="0">All Tests</stat>
</total>
<tag>
<stat pass="1" fail="0" skip="0">Login Negative</stat>
</tag>
<suite>
<stat name="Robot Learning" id="s1" pass="1" fail="0" skip="0">Robot Learning</stat>
<stat name="Test" id="s1-s1" pass="1" fail="0" skip="0">Robot Learning.Test</stat>
<stat name="Login Tests" id="s1-s1-s1" pass="1" fail="0" skip="0">Robot Learning.Test.Login Tests</stat>
</suite>
</statistics>
<errors>
</errors>
</robot>
