<?xml version="1.0" encoding="UTF-8"?>
<robot generator="Robot 7.3.2 (Python 3.14.0 on win32)" generated="2025-12-02T14:12:00.068113" rpa="false" schemaversion="5">
<suite id="s1" name="Robot Learning" source="C:\Robot_Learning">
<suite id="s1-s1" name="Test" source="C:\Robot_Learning\test">
<suite id="s1-s1-s1" name="changePassword" source="C:\Robot_Learning\test\changePassword.robot">
<test id="s1-s1-s1-t1" name="User Can Change Password" line="8">
<kw name="Open Webpage" owner="common">
<kw name="Open Browser" owner="SeleniumLibrary">
<msg time="2025-12-02T14:12:00.297938" level="INFO">Opening browser 'chrome' to base url 'https://cssoften0368.cpkkuhost.com'.</msg>
<arg>${URL}</arg>
<arg>${BROWSER}</arg>
<doc>Opens a new browser instance to the optional ``url``.</doc>
<status status="PASS" start="2025-12-02T14:12:00.297644" elapsed="5.783114"/>
</kw>
<kw name="Maximize Browser Window" owner="SeleniumLibrary">
<doc>Maximizes current browser window.</doc>
<status status="PASS" start="2025-12-02T14:12:06.081070" elapsed="0.034276"/>
</kw>
<arg>${URL}</arg>
<arg>${BROWSER}</arg>
<status status="PASS" start="2025-12-02T14:12:00.296785" elapsed="5.818782"/>
</kw>
<kw name="Click Button" owner="common">
<kw name="Wait Until Element Is Enabled" owner="SeleniumLibrary">
<arg>${BUTTON}</arg>
<doc>Waits until the element ``locator`` is enabled.</doc>
<status status="PASS" start="2025-12-02T14:12:06.116757" elapsed="0.032056"/>
</kw>
<kw name="Click Element" owner="SeleniumLibrary">
<msg time="2025-12-02T14:12:06.149423" level="INFO">Clicking element 'xpath=//a[contains(text(), 'เข้าสู่ระบบ')]'.</msg>
<arg>${BUTTON}</arg>
<doc>Click the element identified by ``locator``.</doc>
<status status="PASS" start="2025-12-02T14:12:06.149071" elapsed="0.080309"/>
</kw>
<arg>${GOTO_LOGINPAGE_BUTTON}</arg>
<status status="PASS" start="2025-12-02T14:12:06.116126" elapsed="0.113562"/>
</kw>
<kw name="Switch Window" owner="SeleniumLibrary">
<arg>NEW</arg>
<doc>Switches to browser window matching ``locator``.</doc>
<status status="PASS" start="2025-12-02T14:12:06.230152" elapsed="0.032928"/>
</kw>
<kw name="Wait Until Element Is Visible" owner="SeleniumLibrary">
<arg>${LOGIN_PAGE_HEADER}</arg>
<arg>3s</arg>
<doc>Waits until the element ``locator`` is visible.</doc>
<status status="PASS" start="2025-12-02T14:12:06.263735" elapsed="0.915199"/>
</kw>
<kw name="User Login" owner="login_test">
<kw name="Input Text" owner="SeleniumLibrary">
<msg time="2025-12-02T14:12:07.180231" level="INFO">Typing text 'chitsutha@kku.ac.th' into text field 'xpath=//input[@id='username']'.</msg>
<arg>${USERNAME_FIELD}</arg>
<arg>${VALID_USER}</arg>
<doc>Types the given ``text`` into the text field identified by ``locator``.</doc>
<status status="PASS" start="2025-12-02T14:12:07.179844" elapsed="0.068469"/>
</kw>
<kw name="Input Password" owner="SeleniumLibrary">
<msg time="2025-12-02T14:12:07.249187" level="INFO">Typing password into text field 'xpath=//input[@id='password']'.</msg>
<msg time="2025-12-02T14:12:07.275202" level="INFO">Temporally setting log level to: NONE</msg>
<arg>${PASSWORD_FIELD}</arg>
<arg>${VALID_PASSWORD}</arg>
<doc>Types the given password into the text field identified by ``locator``.</doc>
<status status="PASS" start="2025-12-02T14:12:07.248674" elapsed="0.060755"/>
</kw>
<arg>${VALID_USER}</arg>
<arg>${VAILD_PASSWORD}</arg>
<status status="PASS" start="2025-12-02T14:12:07.179397" elapsed="0.130256"/>
</kw>
<kw name="Click Button" owner="common">
<kw name="Wait Until Element Is Enabled" owner="SeleniumLibrary">
<arg>${BUTTON}</arg>
<doc>Waits until the element ``locator`` is enabled.</doc>
<status status="PASS" start="2025-12-02T14:12:07.310672" elapsed="0.018851"/>
</kw>
<kw name="Click Element" owner="SeleniumLibrary">
<msg time="2025-12-02T14:12:07.330186" level="INFO">Clicking element 'xpath=//button[contains(text(), 'เข้าสู่ระบบบัญชี')]'.</msg>
<arg>${BUTTON}</arg>
<doc>Click the element identified by ``locator``.</doc>
<status status="PASS" start="2025-12-02T14:12:07.329813" elapsed="2.178660"/>
</kw>
<arg>${LOGIN}</arg>
<status status="PASS" start="2025-12-02T14:12:07.310121" elapsed="2.198528"/>
</kw>
<kw name="Wait Until Element Is Visible" owner="SeleniumLibrary">
<arg>${DASHBOARD_HEADER}</arg>
<arg>3s</arg>
<doc>Waits until the element ``locator`` is visible.</doc>
<status status="PASS" start="2025-12-02T14:12:09.508963" elapsed="0.013558"/>
</kw>
<kw name="Click Button" owner="common">
<kw name="Wait Until Element Is Enabled" owner="SeleniumLibrary">
<arg>${BUTTON}</arg>
<doc>Waits until the element ``locator`` is enabled.</doc>
<status status="PASS" start="2025-12-02T14:12:09.523410" elapsed="0.015435"/>
</kw>
<kw name="Click Element" owner="SeleniumLibrary">
<msg time="2025-12-02T14:12:09.539375" level="INFO">Clicking element 'xpath=//span[contains(@class,'menu-title') and contains(text(),'โปรไฟล์ผู้ใช้')]'.</msg>
<arg>${BUTTON}</arg>
<doc>Click the element identified by ``locator``.</doc>
<status status="PASS" start="2025-12-02T14:12:09.539064" elapsed="0.708445"/>
</kw>
<arg>${USER_PROFILE_MENU}</arg>
<status status="PASS" start="2025-12-02T14:12:09.522977" elapsed="0.724727"/>
</kw>
<kw name="Wait Until Element Is Enabled" owner="SeleniumLibrary">
<arg>${ACCOUNT_MENU}</arg>
<arg>3s</arg>
<doc>Waits until the element ``locator`` is enabled.</doc>
<status status="PASS" start="2025-12-02T14:12:10.248018" elapsed="0.017951"/>
</kw>
<kw name="Click Button" owner="common">
<kw name="Wait Until Element Is Enabled" owner="SeleniumLibrary">
<arg>${BUTTON}</arg>
<doc>Waits until the element ``locator`` is enabled.</doc>
<status status="PASS" start="2025-12-02T14:12:10.266796" elapsed="0.014625"/>
</kw>
<kw name="Click Element" owner="SeleniumLibrary">
<msg time="2025-12-02T14:12:10.281970" level="INFO">Clicking element 'id=password-tab'.</msg>
<arg>${BUTTON}</arg>
<doc>Click the element identified by ``locator``.</doc>
<status status="PASS" start="2025-12-02T14:12:10.281646" elapsed="0.043126"/>
</kw>
<arg>${PASSWORD_MENU}</arg>
<status status="PASS" start="2025-12-02T14:12:10.266415" elapsed="0.058531"/>
</kw>
<kw name="Wait Until Element Is Visible" owner="SeleniumLibrary">
<arg>id=password</arg>
<arg>10s</arg>
<doc>Waits until the element ``locator`` is visible.</doc>
<status status="PASS" start="2025-12-02T14:12:10.325259" elapsed="0.013157"/>
</kw>
<kw name="Change Password" owner="changePass">
<kw name="Input Password" owner="SeleniumLibrary">
<msg time="2025-12-02T14:12:10.339542" level="INFO">Typing password into text field 'xpath=//input[@id='inputpassword']'.</msg>
<msg time="2025-12-02T14:12:10.366048" level="INFO">Temporally setting log level to: NONE</msg>
<arg>${OLD_PASSWORD_FIELD}</arg>
<arg>${OldPassword}</arg>
<doc>Types the given password into the text field identified by ``locator``.</doc>
<status status="PASS" start="2025-12-02T14:12:10.339296" elapsed="0.059204"/>
</kw>
<kw name="Input Password" owner="SeleniumLibrary">
<msg time="2025-12-02T14:12:10.399143" level="INFO">Typing password into text field 'xpath=//input[@id='newpassword']'.</msg>
<msg time="2025-12-02T14:12:10.422095" level="INFO">Temporally setting log level to: NONE</msg>
<arg>${NEW_PASSWORD_FIELD}</arg>
<arg>${NewPassword}</arg>
<doc>Types the given password into the text field identified by ``locator``.</doc>
<status status="PASS" start="2025-12-02T14:12:10.398754" elapsed="0.056787"/>
</kw>
<kw name="Input Password" owner="SeleniumLibrary">
<msg time="2025-12-02T14:12:10.456322" level="INFO">Typing password into text field 'xpath=//input[@id='cnewpassword']'.</msg>
<msg time="2025-12-02T14:12:10.480516" level="INFO">Temporally setting log level to: NONE</msg>
<arg>${CONFIRM_PASSWORD_FIELD}</arg>
<arg>${ConfirmPassword}</arg>
<doc>Types the given password into the text field identified by ``locator``.</doc>
<status status="PASS" start="2025-12-02T14:12:10.455857" elapsed="0.055454"/>
</kw>
<kw name="Wait Until Element Is Enabled" owner="SeleniumLibrary">
<msg time="2025-12-02T14:12:20.695391" level="INFO" html="true">&lt;/td&gt;&lt;/tr&gt;&lt;tr&gt;&lt;td colspan="3"&gt;&lt;a href="selenium-screenshot-83.png"&gt;&lt;img src="selenium-screenshot-83.png" width="800px"&gt;&lt;/a&gt;</msg>
<msg time="2025-12-02T14:12:20.695698" level="FAIL">Element with locator 'xpath=//button[contains(text(),'btn btn-primary')]' not found.</msg>
<arg>${UPDATE_BUTTON}</arg>
<arg>10s</arg>
<doc>Waits until the element ``locator`` is enabled.</doc>
<status status="FAIL" start="2025-12-02T14:12:10.511539" elapsed="10.190309">Element with locator 'xpath=//button[contains(text(),'btn btn-primary')]' not found.</status>
</kw>
<kw name="Click Button" owner="common">
<arg>${UPDATE_BUTTON}</arg>
<status status="NOT RUN" start="2025-12-02T14:12:20.702135" elapsed="0.000121"/>
</kw>
<kw name="Wait Until Element Is Enabled" owner="SeleniumLibrary">
<arg>${CONFIRM_BUTTON}</arg>
<arg>10s</arg>
<doc>Waits until the element ``locator`` is enabled.</doc>
<status status="NOT RUN" start="2025-12-02T14:12:20.702383" elapsed="0.000082"/>
</kw>
<kw name="Click Button" owner="common">
<arg>${CONFIRM_BUTTON}</arg>
<status status="NOT RUN" start="2025-12-02T14:12:20.702595" elapsed="0.000090"/>
</kw>
<arg>${VAILD_PASSWORD}</arg>
<arg>${NEW_PASSWORD}</arg>
<arg>${NEW_PASSWORD}</arg>
<status status="FAIL" start="2025-12-02T14:12:10.338863" elapsed="10.363975">Element with locator 'xpath=//button[contains(text(),'btn btn-primary')]' not found.</status>
</kw>
<kw name="Change Password Back to Defult" owner="changePass">
<status status="NOT RUN" start="2025-12-02T14:12:20.703191" elapsed="0.000145"/>
</kw>
<kw name="Close Window" owner="common" type="TEARDOWN">
<kw name="Capture Page Screenshot" owner="SeleniumLibrary">
<msg time="2025-12-02T14:12:20.773867" level="INFO" html="true">&lt;/td&gt;&lt;/tr&gt;&lt;tr&gt;&lt;td colspan="3"&gt;&lt;a href="selenium-screenshot-84.png"&gt;&lt;img src="selenium-screenshot-84.png" width="800px"&gt;&lt;/a&gt;</msg>
<doc>Takes a screenshot of the current page and embeds it into a log file.</doc>
<status status="PASS" start="2025-12-02T14:12:20.704135" elapsed="0.070057"/>
</kw>
<kw name="Close Browser" owner="SeleniumLibrary">
<doc>Closes the current browser.</doc>
<status status="PASS" start="2025-12-02T14:12:20.774474" elapsed="2.164248"/>
</kw>
<status status="PASS" start="2025-12-02T14:12:20.703709" elapsed="2.235280"/>
</kw>
<doc>ทดสอบการตรวจสอบเปลี่ยนรหัสผ่านผู้ใช้</doc>
<status status="FAIL" start="2025-12-02T14:12:00.293956" elapsed="22.645373">Element with locator 'xpath=//button[contains(text(),'btn btn-primary')]' not found.</status>
</test>
<doc>ทดสอบการเปลี่ยนรหัสผ่านผู้ใช้</doc>
<status status="FAIL" start="2025-12-02T14:12:00.097667" elapsed="22.849302"/>
</suite>
<status status="FAIL" start="2025-12-02T14:12:00.094801" elapsed="22.855607"/>
</suite>
<status status="FAIL" start="2025-12-02T14:12:00.072961" elapsed="22.879867"/>
</suite>
<statistics>
<total>
<stat pass="0" fail="1" skip="0">All Tests</stat>
</total>
<tag>
</tag>
<suite>
<stat name="Robot Learning" id="s1" pass="0" fail="1" skip="0">Robot Learning</stat>
<stat name="Test" id="s1-s1" pass="0" fail="1" skip="0">Robot Learning.Test</stat>
<stat name="changePassword" id="s1-s1-s1" pass="0" fail="1" skip="0">Robot Learning.Test.changePassword</stat>
</suite>
</statistics>
<errors>
</errors>
</robot>
